[debug] [2025-12-14T11:37:57.005Z] ----------------------------------------------------------------------
[debug] [2025-12-14T11:37:57.083Z] Command:       /Users/adithyanca/.nvm/versions/node/v22.14.0/bin/node /Users/adithyanca/.nvm/versions/node/v22.14.0/bin/firebase apps:sdkconfig WEB 1:32729337942:web:493630badfe7314edb2bf7 --project minimal-flow-writer
[debug] [2025-12-14T11:37:57.085Z] CLI Version:   13.35.1
[debug] [2025-12-14T11:37:57.086Z] Platform:      darwin
[debug] [2025-12-14T11:37:57.086Z] Node Version:  v22.14.0
[debug] [2025-12-14T11:37:57.086Z] Time:          Sun Dec 14 2025 17:07:57 GMT+0530 (India Standard Time)
[debug] [2025-12-14T11:37:57.086Z] ----------------------------------------------------------------------
[debug] 
[debug] [2025-12-14T11:37:57.543Z] > command requires scopes: ["email","openid","https://www.googleapis.com/auth/cloudplatformprojects.readonly","https://www.googleapis.com/auth/firebase","https://www.googleapis.com/auth/cloud-platform"]
[debug] [2025-12-14T11:37:57.544Z] > authorizing via signed-in user (adithyanajish@gmail.com)
[debug] [2025-12-14T11:37:57.610Z] Checked if tokens are valid: true, expires at: 1765715823343
[debug] [2025-12-14T11:37:57.612Z] Checked if tokens are valid: true, expires at: 1765715823343
[debug] [2025-12-14T11:37:57.663Z] >>> [apiv2][query] GET https://firebase.googleapis.com/v1beta1/projects/-/webApps/1:32729337942:web:493630badfe7314edb2bf7/config [none]
[debug] [2025-12-14T11:38:00.775Z] <<< [apiv2][status] GET https://firebase.googleapis.com/v1beta1/projects/-/webApps/1:32729337942:web:493630badfe7314edb2bf7/config 200
[debug] [2025-12-14T11:38:00.776Z] <<< [apiv2][body] GET https://firebase.googleapis.com/v1beta1/projects/-/webApps/1:32729337942:web:493630badfe7314edb2bf7/config {"projectId":"minimal-flow-writer","appId":"1:32729337942:web:493630badfe7314edb2bf7","storageBucket":"minimal-flow-writer.firebasestorage.app","apiKey":"AIzaSyBRdhtjM7dJ-8qya58tgtLcGVbcryDhIyk","authDomain":"minimal-flow-writer.firebaseapp.com","messagingSenderId":"32729337942","projectNumber":"32729337942","version":"2"}
[info] {
  "projectId": "minimal-flow-writer",
  "appId": "1:32729337942:web:493630badfe7314edb2bf7",
  "storageBucket": "minimal-flow-writer.firebasestorage.app",
  "apiKey": "AIzaSyBRdhtjM7dJ-8qya58tgtLcGVbcryDhIyk",
  "authDomain": "minimal-flow-writer.firebaseapp.com",
  "messagingSenderId": "32729337942",
  "projectNumber": "32729337942",
  "version": "2"
}
[debug] [2025-12-14T11:38:12.435Z] Error: Timed out.
    at Timeout.<anonymous> (/Users/adithyanca/.nvm/versions/node/v22.14.0/lib/node_modules/firebase-tools/lib/utils.js:269:49)
    at listOnTimeout (node:internal/timers:594:17)
    at process.processTimers (node:internal/timers:529:7)
[error] 
[error] Error: An unexpected error has occurred.
